* using log directory '/home/mdehsds4/rOpenHealth/rEHR/rEHR.Rcheck'
* using R version 3.1.2 (2014-10-31)
* using platform: x86_64-redhat-linux-gnu (64-bit)
* using session charset: ASCII
* checking for file 'rEHR/DESCRIPTION' ... OK
* this is package 'rEHR' version '1.0'
* checking package namespace information ... OK
* checking package dependencies ... OK
* checking if this is a source package ... OK
* checking if there is a namespace ... OK
* checking for executable files ... OK
* checking for hidden files and directories ... OK
* checking for portable file names ... OK
* checking for sufficient/correct file permissions ... OK
* checking whether package 'rEHR' can be installed ... OK
* checking installed package size ... OK
* checking package directory ... OK
* checking 'build' directory ... OK
* checking DESCRIPTION meta-information ... OK
* checking top-level files ... OK
* checking for left-over files ... OK
* checking index information ... OK
* checking package subdirectories ... OK
* checking R files for non-ASCII characters ... OK
* checking R files for syntax errors ... OK
* checking whether the package can be loaded ... OK
* checking whether the package can be loaded with stated dependencies ... OK
* checking whether the package can be unloaded cleanly ... OK
* checking whether the namespace can be loaded with stated dependencies ... OK
* checking whether the namespace can be unloaded cleanly ... OK
* checking loading without being on the library search path ... OK
* checking dependencies in R code ... OK
* checking S3 generic/method consistency ... OK
* checking replacement functions ... OK
* checking foreign function calls ... OK
* checking R code for possible problems ... NOTE
match_on_index : <anonymous>: no visible binding for global variable
  'index_diff'
prev_totals : <anonymous>: no visible binding for global variable
  'prev_denom'
prev_totals : <anonymous>: no visible binding for global variable
  'followup'
prev_totals : <anonymous>: no visible binding for global variable
  'denominator'
prev_totals : <anonymous>: no visible binding for global variable
  'numerator'
prev_totals : <anonymous>: no visible binding for global variable
  'incid_denom'
simulate_ehr_consultations : patient_consultations: no visible binding
  for global variable 'eventdate'
simulate_ehr_consultations: no visible binding for global variable
  'practid'
simulate_ehr_consultations: no visible binding for global variable
  'eventdate'
simulate_ehr_events: no visible binding for global variable 'events'
simulate_ehr_patients : get_patients: no visible binding for global
  variable 'birthday'
simulate_ehr_patients : get_patients: no visible binding for global
  variable 'tod'
simulate_ehr_patients : get_patients: no visible binding for global
  variable 'toreason'
simulate_ehr_patients : get_patients: no visible binding for global
  variable 'days'
simulate_ehr_patients: no visible binding for global variable 'practid'
* checking Rd files ... OK
* checking Rd metadata ... OK
* checking Rd cross-references ... OK
* checking for missing documentation entries ... OK
* checking for code/documentation mismatches ... OK
* checking Rd \usage sections ... OK
* checking Rd contents ... OK
* checking for unstated dependencies in examples ... OK
* checking contents of 'data' directory ... OK
* checking data for non-ASCII characters ... OK
* checking data for ASCII and uncompressed saves ... OK
* checking installed files from 'inst/doc' ... OK
* checking files in 'vignettes' ... OK
* checking examples ... OK
* checking for unstated dependencies in tests ... OK
* checking tests ... OK
  Running 'testthat.R'
* checking for unstated dependencies in vignettes ... OK
* checking package vignettes in 'inst/doc' ... OK
* checking running R code from vignettes ... OK
* checking re-building of vignette outputs ... OK
* checking PDF version of manual ... OK
* DONE
NOTE: There was 1 note.
